15:19:34: Creating resource group General
15:19:34: Creating resource group Internal
15:19:34: Creating resource group Autodetect
15:19:34: SceneManagerFactory for type 'DefaultSceneManager' registered.
15:19:34: Registering ResourceManager for type Material
15:19:34: Registering ResourceManager for type Mesh
15:19:34: Registering ResourceManager for type Skeleton
15:19:34: MovableObjectFactory for type 'ParticleSystem' registered.
15:19:34: OverlayElementFactory for type Panel registered.
15:19:34: OverlayElementFactory for type BorderPanel registered.
15:19:34: OverlayElementFactory for type TextArea registered.
15:19:34: Registering ResourceManager for type Font
15:19:34: ArchiveFactory for archive type FileSystem registered.
15:19:34: ArchiveFactory for archive type Zip registered.
15:19:34: FreeImage version: 3.9.3
15:19:34: This program uses FreeImage, a free, open source image library supporting all common bitmap formats. See http://freeimage.sourceforge.net for details
15:19:34: Supported formats: bmp,ico,jpg,jif,jpeg,jpe,jng,koa,iff,lbm,mng,pbm,pbm,pcd,pcx,pgm,pgm,png,ppm,ppm,ras,tga,targa,tif,tiff,wap,wbmp,wbm,psd,cut,xbm,xpm,gif,hdr,g3,sgi
15:19:34: DDS codec registering
15:19:34: Registering ResourceManager for type HighLevelGpuProgram
15:19:34: Registering ResourceManager for type Compositor
15:19:34: MovableObjectFactory for type 'Entity' registered.
15:19:34: MovableObjectFactory for type 'Light' registered.
15:19:34: MovableObjectFactory for type 'BillboardSet' registered.
15:19:34: MovableObjectFactory for type 'ManualObject' registered.
15:19:34: MovableObjectFactory for type 'BillboardChain' registered.
15:19:34: MovableObjectFactory for type 'RibbonTrail' registered.
15:19:34: OGRE EXCEPTION(6:FileNotFoundException): 'plugins.dlc' file not found! in ConfigFile::load at C:\Work\CVS-OgreHEAD\ogrenew\OgreMain\src\OgreConfigFile.cpp (line 84)
15:19:34: plugins.dlc not found, automatic plugin loading disabled.
15:19:34: *-*-* OGRE Initialising
15:19:34: *-*-* Version 1.5.0 (Shoggoth)
15:19:34: OGRE EXCEPTION(6:FileNotFoundException): 'data.dlc' file not found! in ConfigFile::load at C:\Work\CVS-OgreHEAD\ogrenew\OgreMain\src\OgreConfigFile.cpp (line 84)
15:19:37: *-*-* OGRE Shutdown
15:19:37: Unregistering ResourceManager for type Compositor
15:19:37: Unregistering ResourceManager for type Font
15:19:37: Unregistering ResourceManager for type Skeleton
15:19:37: Unregistering ResourceManager for type Mesh
15:19:37: Unregistering ResourceManager for type HighLevelGpuProgram
15:19:37: Unregistering ResourceManager for type Material
