17:06:50: Creating resource group General
17:06:50: Creating resource group Internal
17:06:50: Creating resource group Autodetect
17:06:50: SceneManagerFactory for type 'DefaultSceneManager' registered.
17:06:50: Registering ResourceManager for type Material
17:06:50: Registering ResourceManager for type Mesh
17:06:50: Registering ResourceManager for type Skeleton
17:06:50: MovableObjectFactory for type 'ParticleSystem' registered.
17:06:50: OverlayElementFactory for type Panel registered.
17:06:50: OverlayElementFactory for type BorderPanel registered.
17:06:50: OverlayElementFactory for type TextArea registered.
17:06:50: Registering ResourceManager for type Font
17:06:50: ArchiveFactory for archive type FileSystem registered.
17:06:50: ArchiveFactory for archive type Zip registered.
17:06:50: FreeImage version: 3.9.3
17:06:50: This program uses FreeImage, a free, open source image library supporting all common bitmap formats. See http://freeimage.sourceforge.net for details
17:06:50: Supported formats: bmp,ico,jpg,jif,jpeg,jpe,jng,koa,iff,lbm,mng,pbm,pbm,pcd,pcx,pgm,pgm,png,ppm,ppm,ras,tga,targa,tif,tiff,wap,wbmp,wbm,psd,cut,xbm,xpm,gif,hdr,g3,sgi
17:06:50: DDS codec registering
17:06:50: Registering ResourceManager for type HighLevelGpuProgram
17:06:50: Registering ResourceManager for type Compositor
17:06:50: MovableObjectFactory for type 'Entity' registered.
17:06:50: MovableObjectFactory for type 'Light' registered.
17:06:50: MovableObjectFactory for type 'BillboardSet' registered.
17:06:50: MovableObjectFactory for type 'ManualObject' registered.
17:06:50: MovableObjectFactory for type 'BillboardChain' registered.
17:06:50: MovableObjectFactory for type 'RibbonTrail' registered.
17:06:50: OGRE EXCEPTION(6:FileNotFoundException): 'plugins.cfg' file not found! in ConfigFile::load at C:\Work\CVS-OgreHEAD\ogrenew\OgreMain\src\OgreConfigFile.cpp (line 84)
17:06:50: plugins.cfg not found, automatic plugin loading disabled.
17:06:50: *-*-* OGRE Initialising
17:06:50: *-*-* Version 1.5.0 (Shoggoth)
17:06:50: OGRE EXCEPTION(6:FileNotFoundException): 'resources.cfg' file not found! in ConfigFile::load at C:\Work\CVS-OgreHEAD\ogrenew\OgreMain\src\OgreConfigFile.cpp (line 84)
17:06:52: *-*-* OGRE Shutdown
17:06:52: Unregistering ResourceManager for type Compositor
17:06:52: Unregistering ResourceManager for type Font
17:06:52: Unregistering ResourceManager for type Skeleton
17:06:52: Unregistering ResourceManager for type Mesh
17:06:52: Unregistering ResourceManager for type HighLevelGpuProgram
17:06:52: Unregistering ResourceManager for type Material
